c:\users\nicol\source\repos\codigoespiral\codigoespiral\x64\debug\vc143.pdb
c:\users\nicol\source\repos\codigoespiral\codigoespiral\x64\debug\vc143.idb
c:\users\nicol\source\repos\codigoespiral\codigoespiral\x64\debug\spiraloriginal.obj
c:\users\nicol\source\repos\codigoespiral\codigoespiral\x64\debug\main.obj
c:\users\nicol\source\repos\codigoespiral\codigoespiral\x64\debug\spiral3d.obj
c:\users\nicol\source\repos\codigoespiral\codigoespiral\x64\debug\codigoespiral.ilk
c:\users\nicol\source\repos\codigoespiral\codigoespiral\x64\debug\codigoespiral.pdb
c:\users\nicol\source\repos\codigoespiral\x64\debug\codigoespiral.pdb
c:\users\nicol\source\repos\codigoespiral\codigoespiral\x64\debug\codigoespiral.tlog\cl.command.1.tlog
c:\users\nicol\source\repos\codigoespiral\codigoespiral\x64\debug\codigoespiral.tlog\cl.items.tlog
c:\users\nicol\source\repos\codigoespiral\codigoespiral\x64\debug\codigoespiral.tlog\cl.read.1.tlog
c:\users\nicol\source\repos\codigoespiral\codigoespiral\x64\debug\codigoespiral.tlog\cl.write.1.tlog
c:\users\nicol\source\repos\codigoespiral\codigoespiral\x64\debug\codigoespiral.tlog\link-cvtres.read.1.tlog
c:\users\nicol\source\repos\codigoespiral\codigoespiral\x64\debug\codigoespiral.tlog\link-cvtres.write.1.tlog
c:\users\nicol\source\repos\codigoespiral\codigoespiral\x64\debug\codigoespiral.tlog\link-rc.read.1.tlog
c:\users\nicol\source\repos\codigoespiral\codigoespiral\x64\debug\codigoespiral.tlog\link-rc.write.1.tlog
c:\users\nicol\source\repos\codigoespiral\codigoespiral\x64\debug\codigoespiral.tlog\link.15468-cvtres.read.1.tlog
c:\users\nicol\source\repos\codigoespiral\codigoespiral\x64\debug\codigoespiral.tlog\link.15468-cvtres.write.1.tlog
c:\users\nicol\source\repos\codigoespiral\codigoespiral\x64\debug\codigoespiral.tlog\link.15468-rc.read.1.tlog
c:\users\nicol\source\repos\codigoespiral\codigoespiral\x64\debug\codigoespiral.tlog\link.15468-rc.write.1.tlog
c:\users\nicol\source\repos\codigoespiral\codigoespiral\x64\debug\codigoespiral.tlog\link.15468.read.1.tlog
c:\users\nicol\source\repos\codigoespiral\codigoespiral\x64\debug\codigoespiral.tlog\link.15468.read.2.tlog
c:\users\nicol\source\repos\codigoespiral\codigoespiral\x64\debug\codigoespiral.tlog\link.15468.write.1.tlog
c:\users\nicol\source\repos\codigoespiral\codigoespiral\x64\debug\codigoespiral.tlog\link.command.1.tlog
c:\users\nicol\source\repos\codigoespiral\codigoespiral\x64\debug\codigoespiral.tlog\link.read.1.tlog
c:\users\nicol\source\repos\codigoespiral\codigoespiral\x64\debug\codigoespiral.tlog\link.read.2.tlog
c:\users\nicol\source\repos\codigoespiral\codigoespiral\x64\debug\codigoespiral.tlog\link.secondary.1.tlog
c:\users\nicol\source\repos\codigoespiral\codigoespiral\x64\debug\codigoespiral.tlog\link.write.1.tlog
